<?xml version="1.0" encoding="UTF-8"?>
<!-- Generated by org.testng.reporters.JUnitReportReporter -->
<testsuite hostname="DESKTOP-175K8UN" failures="0" tests="6" name="com.Tests.TestFlow" time="8.844" errors="0" timestamp="2024-02-05T13:29:58 IST" skipped="0">
  <testcase classname="com.Tests.TestFlow" name="addNewStudentPOST" time="8.381"/>
  <system-out/>
  <testcase classname="com.Tests.TestFlow" name="oneStudentGET" time="0.096"/>
  <system-out/>
  <testcase classname="com.Tests.TestFlow" name="studentsListGET" time="0.059"/>
  <system-out/>
  <testcase classname="com.Tests.TestFlow" name="updateStudentPUT" time="0.149"/>
  <system-out/>
  <testcase classname="com.Tests.TestFlow" name="updateStudentPatch" time="0.092"/>
  <system-out/>
  <testcase classname="com.Tests.TestFlow" name="studentDELETE" time="0.067"/>
  <system-out/>
</testsuite> <!-- com.Tests.TestFlow -->
