<?xml version="1.0" encoding="UTF-8"?>
<!-- Generated by org.testng.reporters.JUnitReportReporter -->
<testsuite hostname="DESKTOP-175K8UN" failures="0" tests="6" name="com.Tests.TestFlow" time="7.064" errors="0" timestamp="2024-02-13T16:10:58 IST" skipped="0">
  <testcase classname="com.Tests.TestFlow" name="addNewStudentPOST" time="5.789"/>
  <system-out/>
  <testcase classname="com.Tests.TestFlow" name="oneStudentGET" time="0.207"/>
  <system-out/>
  <testcase classname="com.Tests.TestFlow" name="studentsListGET" time="0.173"/>
  <system-out/>
  <testcase classname="com.Tests.TestFlow" name="updateStudentPUT" time="0.211"/>
  <system-out/>
  <testcase classname="com.Tests.TestFlow" name="updateStudentPATCH" time="0.606"/>
  <system-out/>
  <testcase classname="com.Tests.TestFlow" name="studentDELETE" time="0.078"/>
  <system-out/>
</testsuite> <!-- com.Tests.TestFlow -->
