<?xml version="1.0" encoding="UTF-8"?>
<!-- Generated by org.testng.reporters.JUnitReportReporter -->
<testsuite hostname="DESKTOP-175K8UN" failures="0" tests="5" name="com.Tests.TestFlow" time="7.378" errors="0" timestamp="2024-02-05T13:01:02 IST" skipped="0">
  <testcase classname="com.Tests.TestFlow" name="addNewStudentPOST" time="6.927"/>
  <system-out/>
  <testcase classname="com.Tests.TestFlow" name="oneStudentGET" time="0.143"/>
  <system-out/>
  <testcase classname="com.Tests.TestFlow" name="studentsListGET" time="0.124"/>
  <system-out/>
  <testcase classname="com.Tests.TestFlow" name="updateStudentPUT" time="0.133"/>
  <system-out/>
  <testcase classname="com.Tests.TestFlow" name="studentDELETE" time="0.051"/>
  <system-out/>
</testsuite> <!-- com.Tests.TestFlow -->
